<?xml version="1.0" encoding="UTF-8"?>
<testng-results ignored="0" total="1" passed="1" failed="0" skipped="0">
  <reporter-output>
  </reporter-output>
  <suite started-at="2022-06-02T12:37:15 IST" name="Default suite" finished-at="2022-06-02T12:37:21 IST" duration-ms="5448">
    <groups>
    </groups>
    <test started-at="2022-06-02T12:37:15 IST" name="Default test" finished-at="2022-06-02T12:37:21 IST" duration-ms="5448">
      <class name="apiServicesTesting.TC6_validateAlldatafromResponse">
        <test-method signature="validate_AllResponseDta()[pri:0, instance:apiServicesTesting.TC6_validateAlldatafromResponse@5fbdfdcf]" started-at="2022-06-02T12:37:15 IST" name="validate_AllResponseDta" finished-at="2022-06-02T12:37:21 IST" duration-ms="5382" status="PASS">
          <reporter-output>
          </reporter-output>
        </test-method> <!-- validate_AllResponseDta -->
      </class> <!-- apiServicesTesting.TC6_validateAlldatafromResponse -->
    </test> <!-- Default test -->
  </suite> <!-- Default suite -->
</testng-results>
