<?xml version="1.0" encoding="UTF-8"?>
<testng-results skipped="0" failed="0" ignored="0" total="1" passed="1">
  <reporter-output>
  </reporter-output>
  <suite name="Default suite" duration-ms="72" started-at="2022-04-26T16:50:51 IST" finished-at="2022-04-26T16:50:51 IST">
    <groups>
    </groups>
    <test name="Default test" duration-ms="72" started-at="2022-04-26T16:50:51 IST" finished-at="2022-04-26T16:50:51 IST">
      <class name="restAssured_Tests.RestS2_getapi">
        <test-method status="PASS" signature="getGoogle()[pri:0, instance:restAssured_Tests.RestS2_getapi@7113b13f]" name="getGoogle" duration-ms="12" started-at="2022-04-26T16:50:51 IST" finished-at="2022-04-26T16:50:51 IST">
          <reporter-output>
          </reporter-output>
        </test-method> <!-- getGoogle -->
      </class> <!-- restAssured_Tests.RestS2_getapi -->
    </test> <!-- Default test -->
  </suite> <!-- Default suite -->
</testng-results>
