<?xml version="1.0" encoding="UTF-8"?>
<testsuite xmlns:xsi="http://www.w3.org/2001/XMLSchema-instance" xsi:noNamespaceSchemaLocation="https://maven.apache.org/surefire/maven-surefire-plugin/xsd/surefire-test-report.xsd" name="testRunner.Test_Runner" time="248.033" tests="6" errors="0" skipped="0" failures="0">
  <properties>
[...]
</properties>
  <testcase name="Create New Region Details #1" classname="Facility Module features" time="40.65"/>
  <testcase name="Search Region Details" classname="Facility Module features" time="41.286"/>
  <testcase name="Duplicate Region validation on New screen" classname="Facility Module features" time="42.091"/>
  <testcase name="Update Region Details" classname="Facility Module features" time="42.194"/>
  <testcase name="Create New Region Details #2" classname="Facility Module features" time="40.178"/>
  <testcase name="Delete Region Details" classname="Facility Module features" time="37.65"/>
</testsuite>